# JRE version: OpenJDK Runtime Environment Temurin-21.0.10+7 (21.0.10+7) (build 21.0.10+7-LTS)
# Java VM: OpenJDK 64-Bit Server VM Temurin-21.0.10+7 (21.0.10+7-LTS, mixed mode, sharing, tiered, compressed oops, compressed class ptrs, g1 gc, bsd-aarch64)
GC Precious Log:
 CardTable entry size: 512
 Card Set container configuration: InlinePtr #cards 5 size 8 Array Of Cards #cards 12 size 40 Howl #buckets 4 coarsen threshold 1843 Howl Bitmap #cards 512 size 80 coarsen threshold 460 Card regions per heap region 1 cards per card region 2048
 CPUs: 14 total, 14 available
 Memory: 49152M
 Large Page Support: Disabled
 NUMA Support: Disabled
 Compressed Oops: Enabled (Zero based)
 Heap Region Size: 1M
 Heap Min Capacity: 8M
 Heap Initial Capacity: 768M
 Heap Max Capacity: 2G
 Pre-touch: Disabled
 Parallel Workers: 11
 Concurrent Workers: 3
 Concurrent Refinement Workers: 11
 Periodic GC: Disabled
Heap:
 garbage-first heap   total 445440K, used 280065K [0x000000052a800000, 0x00000005aa800000)
  region size 1024K, 153 young (156672K), 2 survivors (2048K)
 Metaspace       used 82421K, committed 83520K, reserved 1179648K
  class space    used 9435K, committed 9856K, reserved 1048576K
GC Heap History (20 events):
Event: 0.480 GC heap before
{Heap before GC invocations=1 (full 0):
 garbage-first heap   total 788480K, used 52140K [0x000000052a800000, 0x00000005aa800000)
  region size 1024K, 45 young (46080K), 5 survivors (5120K)
 Metaspace       used 20160K, committed 20416K, reserved 1114112K
  class space    used 2368K, committed 2496K, reserved 1048576K
}
Event: 0.482 GC heap after
{Heap after GC invocations=2 (full 0):
 garbage-first heap   total 788480K, used 13539K [0x000000052a800000, 0x00000005aa800000)
  region size 1024K, 3 young (3072K), 3 survivors (3072K)
 Metaspace       used 20160K, committed 20416K, reserved 1114112K
  class space    used 2368K, committed 2496K, reserved 1048576K
}
Event: 0.499 GC heap before
{Heap before GC invocations=2 (full 0):
 garbage-first heap   total 788480K, used 16611K [0x000000052a800000, 0x00000005aa800000)
  region size 1024K, 7 young (7168K), 3 survivors (3072K)
 Metaspace       used 21243K, committed 21504K, reserved 1114112K
  class space    used 2452K, committed 2560K, reserved 1048576K
}
Event: 0.500 GC heap after
{Heap after GC invocations=3 (full 0):
 garbage-first heap   total 788480K, used 13532K [0x000000052a800000, 0x00000005aa800000)
  region size 1024K, 3 young (3072K), 3 survivors (3072K)
 Metaspace       used 21243K, committed 21504K, reserved 1114112K
  class space    used 2452K, committed 2560K, reserved 1048576K
}
Event: 0.913 GC heap before
{Heap before GC invocations=4 (full 0):
 garbage-first heap   total 51200K, used 49372K [0x000000052a800000, 0x00000005aa800000)
  region size 1024K, 38 young (38912K), 3 survivors (3072K)
 Metaspace       used 32918K, committed 33280K, reserved 1114112K
  class space    used 3818K, committed 3968K, reserved 1048576K
}
Event: 0.915 GC heap after
{Heap after GC invocations=5 (full 0):
 garbage-first heap   total 55296K, used 15315K [0x000000052a800000, 0x00000005aa800000)
  region size 1024K, 4 young (4096K), 4 survivors (4096K)
 Metaspace       used 32918K, committed 33280K, reserved 1114112K
  class space    used 3818K, committed 3968K, reserved 1048576K
}
Event: 0.942 GC heap before
{Heap before GC invocations=5 (full 0):
 garbage-first heap   total 55296K, used 51155K [0x000000052a800000, 0x00000005aa800000)
  region size 1024K, 15 young (15360K), 4 survivors (4096K)
 Metaspace       used 35771K, committed 36096K, reserved 1114112K
  class space    used 4069K, committed 4224K, reserved 1048576K
}
Event: 0.944 GC heap after
{Heap after GC invocations=6 (full 0):
 garbage-first heap   total 60416K, used 31230K [0x000000052a800000, 0x00000005aa800000)
  region size 1024K, 3 young (3072K), 3 survivors (3072K)
 Metaspace       used 35771K, committed 36096K, reserved 1114112K
  class space    used 4069K, committed 4224K, reserved 1048576K
}
Event: 0.946 GC heap before
{Heap before GC invocations=6 (full 0):
 garbage-first heap   total 60416K, used 31230K [0x000000052a800000, 0x00000005aa800000)
  region size 1024K, 4 young (4096K), 3 survivors (3072K)
 Metaspace       used 35968K, committed 36352K, reserved 1114112K
  class space    used 4085K, committed 4224K, reserved 1048576K
}
Event: 0.947 GC heap after
{Heap after GC invocations=7 (full 0):
 garbage-first heap   total 60416K, used 31154K [0x000000052a800000, 0x00000005aa800000)
  region size 1024K, 1 young (1024K), 1 survivors (1024K)
 Metaspace       used 35968K, committed 36352K, reserved 1114112K
  class space    used 4085K, committed 4224K, reserved 1048576K
}
Event: 1.095 GC heap before
{Heap before GC invocations=8 (full 0):
 garbage-first heap   total 61440K, used 59826K [0x000000052a800000, 0x00000005aa800000)
  region size 1024K, 25 young (25600K), 1 survivors (1024K)
 Metaspace       used 41272K, committed 41728K, reserved 1114112K
  class space    used 4551K, committed 4736K, reserved 1048576K
}
Event: 1.096 GC heap after
{Heap after GC invocations=9 (full 0):
 garbage-first heap   total 65536K, used 33935K [0x000000052a800000, 0x00000005aa800000)
  region size 1024K, 4 young (4096K), 4 survivors (4096K)
 Metaspace       used 41272K, committed 41728K, reserved 1114112K
  class space    used 4551K, committed 4736K, reserved 1048576K
}
Event: 1.618 GC heap before
{Heap before GC invocations=9 (full 0):
 garbage-first heap   total 65536K, used 57487K [0x000000052a800000, 0x00000005aa800000)
  region size 1024K, 28 young (28672K), 4 survivors (4096K)
 Metaspace       used 48392K, committed 48960K, reserved 1114112K
  class space    used 5467K, committed 5760K, reserved 1048576K
}
Event: 1.619 GC heap after
{Heap after GC invocations=10 (full 0):
 garbage-first heap   total 67584K, used 22058K [0x000000052a800000, 0x00000005aa800000)
  region size 1024K, 4 young (4096K), 4 survivors (4096K)
 Metaspace       used 48392K, committed 48960K, reserved 1114112K
  class space    used 5467K, committed 5760K, reserved 1048576K
}
Event: 1.873 GC heap before
{Heap before GC invocations=10 (full 0):
 garbage-first heap   total 67584K, used 47658K [0x000000052a800000, 0x00000005aa800000)
  region size 1024K, 20 young (20480K), 4 survivors (4096K)
 Metaspace       used 52865K, committed 53376K, reserved 1114112K
  class space    used 5966K, committed 6208K, reserved 1048576K
}
Event: 1.875 GC heap after
{Heap after GC invocations=11 (full 0):
 garbage-first heap   total 67584K, used 28114K [0x000000052a800000, 0x00000005aa800000)
  region size 1024K, 3 young (3072K), 3 survivors (3072K)
 Metaspace       used 52865K, committed 53376K, reserved 1114112K
  class space    used 5966K, committed 6208K, reserved 1048576K
}
Event: 1.876 GC heap before
{Heap before GC invocations=11 (full 0):
 garbage-first heap   total 67584K, used 38354K [0x000000052a800000, 0x00000005aa800000)
  region size 1024K, 4 young (4096K), 3 survivors (3072K)
 Metaspace       used 52865K, committed 53376K, reserved 1114112K
  class space    used 5966K, committed 6208K, reserved 1048576K
}
Event: 1.876 GC heap after
{Heap after GC invocations=12 (full 0):
 garbage-first heap   total 67584K, used 33352K [0x000000052a800000, 0x00000005aa800000)
  region size 1024K, 1 young (1024K), 1 survivors (1024K)
 Metaspace       used 52865K, committed 53376K, reserved 1114112K
  class space    used 5966K, committed 6208K, reserved 1048576K
}
Event: 2.040 GC heap before
{Heap before GC invocations=13 (full 0):
 garbage-first heap   total 101376K, used 98888K [0x000000052a800000, 0x00000005aa800000)
  region size 1024K, 26 young (26624K), 1 survivors (1024K)
 Metaspace       used 59838K, committed 60544K, reserved 1114112K
  class space    used 6804K, committed 7104K, reserved 1048576K
}
Event: 2.042 GC heap after
{Heap after GC invocations=14 (full 0):
 garbage-first heap   total 445440K, used 66049K [0x000000052a800000, 0x00000005aa800000)
  region size 1024K, 2 young (2048K), 2 survivors (2048K)
 Metaspace       used 59838K, committed 60544K, reserved 1114112K
  class space    used 6804K, committed 7104K, reserved 1048576K
}

